Using pre-set license
Built from '2021.3/staging' branch; Version is '2021.3.18f1 (3129e69bc0c7) revision 3221990'; Using compiler version '192829333'; Build Type 'Release'
OS: 'Windows 11  (10.0.22621) 64bit Professional' Language: 'en' Physical Memory: 32651 MB
BatchMode: 1, IsHumanControllingUs: 0, StartBugReporterOnCrash: 0, Is64bit: 1, IsPro: 1

COMMAND LINE ARGUMENTS:
C:\Program Files\Unity\Hub\Editor\2021.3.18f1\Editor\Unity.exe
-adb2
-batchMode
-noUpm
-name
AssetImportWorker12
-projectPath
S:/3rd Year CW/Comp3000 - Final Year Project/COMP3000-Game/My project
-logFile
Logs/AssetImportWorker12.log
-srvPort
63098
Successfully changed project path to: S:/3rd Year CW/Comp3000 - Final Year Project/COMP3000-Game/My project
S:/3rd Year CW/Comp3000 - Final Year Project/COMP3000-Game/My project
[UnityMemory] Configuration Parameters - Can be set up in boot.config
    "memorysetup-bucket-allocator-granularity=16"
    "memorysetup-bucket-allocator-bucket-count=8"
    "memorysetup-bucket-allocator-block-size=33554432"
    "memorysetup-bucket-allocator-block-count=8"
    "memorysetup-main-allocator-block-size=16777216"
    "memorysetup-thread-allocator-block-size=16777216"
    "memorysetup-gfx-main-allocator-block-size=16777216"
    "memorysetup-gfx-thread-allocator-block-size=16777216"
    "memorysetup-cache-allocator-block-size=4194304"
    "memorysetup-typetree-allocator-block-size=2097152"
    "memorysetup-profiler-bucket-allocator-granularity=16"
    "memorysetup-profiler-bucket-allocator-bucket-count=8"
    "memorysetup-profiler-bucket-allocator-block-size=33554432"
    "memorysetup-profiler-bucket-allocator-block-count=8"
    "memorysetup-profiler-allocator-block-size=16777216"
    "memorysetup-profiler-editor-allocator-block-size=1048576"
    "memorysetup-temp-allocator-size-main=16777216"
    "memorysetup-job-temp-allocator-block-size=2097152"
    "memorysetup-job-temp-allocator-block-size-background=1048576"
    "memorysetup-job-temp-allocator-reduction-small-platforms=262144"
    "memorysetup-temp-allocator-size-background-worker=32768"
    "memorysetup-temp-allocator-size-job-worker=262144"
    "memorysetup-temp-allocator-size-preload-manager=33554432"
    "memorysetup-temp-allocator-size-nav-mesh-worker=65536"
    "memorysetup-temp-allocator-size-audio-worker=65536"
    "memorysetup-temp-allocator-size-cloud-worker=32768"
    "memorysetup-temp-allocator-size-gi-baking-worker=262144"
    "memorysetup-temp-allocator-size-gfx=262144"
Player connection [26244] Host "[IP] 10.10.15.183 [Port] 0 [Flags] 2 [Guid] 275347974 [EditorId] 275347974 [Version] 1048832 [Id] WindowsEditor(7,DESKTOP-I9H9PA6) [Debug] 1 [PackageName] WindowsEditor [ProjectName] Editor" joined multi-casting on [225.0.0.222:54997]...

Player connection [26244] Host "[IP] 10.10.15.183 [Port] 0 [Flags] 2 [Guid] 275347974 [EditorId] 275347974 [Version] 1048832 [Id] WindowsEditor(7,DESKTOP-I9H9PA6) [Debug] 1 [PackageName] WindowsEditor [ProjectName] Editor" joined alternative multi-casting on [225.0.0.222:34997]...

Refreshing native plugins compatible for Editor in 73.03 ms, found 3 plugins.
Preloading 0 native plugins for Editor in 0.00 ms.
Initialize engine version: 2021.3.18f1 (3129e69bc0c7)
[Subsystems] Discovering subsystems at path C:/Program Files/Unity/Hub/Editor/2021.3.18f1/Editor/Data/Resources/UnitySubsystems
[Subsystems] Discovering subsystems at path S:/3rd Year CW/Comp3000 - Final Year Project/COMP3000-Game/My project/Assets
GfxDevice: creating device client; threaded=0; jobified=0
Direct3D:
    Version:  Direct3D 11.0 [level 11.1]
    Renderer: NVIDIA GeForce RTX 3070 (ID=0x2488)
    Vendor:   NVIDIA
    VRAM:     8032 MB
    Driver:   31.0.15.4617
Initialize mono
Mono path[0] = 'C:/Program Files/Unity/Hub/Editor/2021.3.18f1/Editor/Data/Managed'
Mono path[1] = 'C:/Program Files/Unity/Hub/Editor/2021.3.18f1/Editor/Data/MonoBleedingEdge/lib/mono/unityjit-win32'
Mono config path = 'C:/Program Files/Unity/Hub/Editor/2021.3.18f1/Editor/Data/MonoBleedingEdge/etc'
Using monoOptions --debugger-agent=transport=dt_socket,embedding=1,server=y,suspend=n,address=127.0.0.1:56728
Begin MonoManager ReloadAssembly
Registering precompiled unity dll's ...
Register platform support module: C:/Program Files/Unity/Hub/Editor/2021.3.18f1/Editor/Data/PlaybackEngines/WebGLSupport/UnityEditor.WebGL.Extensions.dll
Register platform support module: C:/Program Files/Unity/Hub/Editor/2021.3.18f1/Editor/Data/PlaybackEngines/WindowsStandaloneSupport/UnityEditor.WindowsStandalone.Extensions.dll
Registered in 0.004987 seconds.
Native extension for WindowsStandalone target not found
Native extension for WebGL target not found
Refreshing native plugins compatible for Editor in 70.34 ms, found 3 plugins.
Preloading 0 native plugins for Editor in 0.00 ms.
Mono: successfully reloaded assembly
- Completed reload, in  0.494 seconds
Domain Reload Profiling:
	ReloadAssembly (494ms)
		BeginReloadAssembly (57ms)
			ExecutionOrderSort (0ms)
			DisableScriptedObjects (0ms)
			BackupInstance (0ms)
			ReleaseScriptingObjects (0ms)
			CreateAndSetChildDomain (1ms)
		EndReloadAssembly (352ms)
			LoadAssemblies (55ms)
			RebuildTransferFunctionScriptingTraits (0ms)
			SetupTypeCache (72ms)
			ReleaseScriptCaches (0ms)
			RebuildScriptCaches (21ms)
			SetupLoadedEditorAssemblies (220ms)
				LogAssemblyErrors (0ms)
				InitializePlatformSupportModulesInManaged (7ms)
				SetLoadedEditorAssemblies (0ms)
				RefreshPlugins (70ms)
				BeforeProcessingInitializeOnLoad (1ms)
				ProcessInitializeOnLoadAttributes (105ms)
				ProcessInitializeOnLoadMethodAttributes (37ms)
				AfterProcessingInitializeOnLoad (0ms)
				EditorAssembliesLoaded (0ms)
			ExecutionOrderSort2 (0ms)
			AwakeInstancesAfterBackupRestoration (0ms)
Platform modules already initialized, skipping
Registering precompiled user dll's ...
Registered in 0.003905 seconds.
Begin MonoManager ReloadAssembly
Symbol file LoadedFromMemory doesn't match image S:\3rd Year CW\Comp3000 - Final Year Project\COMP3000-Game\My project\Library\PackageCache\com.unity.visualscripting@1.8.0\Editor\VisualScripting.Core\Dependencies\YamlDotNet\Unity.VisualScripting.YamlDotNet.dll
Symbol file LoadedFromMemory doesn't match image S:\3rd Year CW\Comp3000 - Final Year Project\COMP3000-Game\My project\Library\PackageCache\com.unity.visualscripting@1.8.0\Editor\VisualScripting.Core\Dependencies\DotNetZip\Unity.VisualScripting.IonicZip.dll
Native extension for WindowsStandalone target not found
Native extension for WebGL target not found
Refreshing native plugins compatible for Editor in 0.88 ms, found 3 plugins.
Preloading 0 native plugins for Editor in 0.00 ms.
Mono: successfully reloaded assembly
- Completed reload, in  0.779 seconds
Domain Reload Profiling:
	ReloadAssembly (780ms)
		BeginReloadAssembly (86ms)
			ExecutionOrderSort (0ms)
			DisableScriptedObjects (4ms)
			BackupInstance (0ms)
			ReleaseScriptingObjects (0ms)
			CreateAndSetChildDomain (17ms)
		EndReloadAssembly (608ms)
			LoadAssemblies (68ms)
			RebuildTransferFunctionScriptingTraits (0ms)
			SetupTypeCache (193ms)
			ReleaseScriptCaches (1ms)
			RebuildScriptCaches (41ms)
			SetupLoadedEditorAssemblies (274ms)
				LogAssemblyErrors (0ms)
				InitializePlatformSupportModulesInManaged (6ms)
				SetLoadedEditorAssemblies (0ms)
				RefreshPlugins (1ms)
				BeforeProcessingInitializeOnLoad (70ms)
				ProcessInitializeOnLoadAttributes (177ms)
				ProcessInitializeOnLoadMethodAttributes (14ms)
				AfterProcessingInitializeOnLoad (6ms)
				EditorAssembliesLoaded (0ms)
			ExecutionOrderSort2 (0ms)
			AwakeInstancesAfterBackupRestoration (6ms)
Platform modules already initialized, skipping
========================================================================
Worker process is ready to serve import requests
Launched and connected shader compiler UnityShaderCompiler.exe after 0.04 seconds
Refreshing native plugins compatible for Editor in 0.77 ms, found 3 plugins.
Preloading 0 native plugins for Editor in 0.00 ms.
Unloading 3628 Unused Serialized files (Serialized files now loaded: 0)
Unloading 37 unused Assets / (1.4 MB). Loaded Objects now: 4087.
Memory consumption went from 142.1 MB to 140.8 MB.
Total: 3.046300 ms (FindLiveObjects: 0.348400 ms CreateObjectMapping: 0.090700 ms MarkObjects: 2.258300 ms  DeleteObjects: 0.347800 ms)

AssetImportParameters requested are different than current active one (requested -> active):
  custom:video-decoder-ogg-theora: a1e56fd34408186e4bbccfd4996cb3dc -> 
  custom:container-muxer-webm: aa71ff27fc2769a1b78a27578f13a17b -> 
  custom:container-demuxer-webm: 4f35f7cbe854078d1ac9338744f61a02 -> 
  custom:video-encoder-webm-vp8: eb34c28f22e8b96e1ab97ce403110664 -> 
  custom:audio-encoder-webm-vorbis: bf7c407c2cedff20999df2af8eb42d56 -> 
  custom:framework-win-MediaFoundation: 216162199b28c13a410421893ffa2e32 -> 
  custom:container-demuxer-ogg: 62fdf1f143b41e24485cea50d1cbac27 -> 
  custom:video-decoder-webm-vp8: 9c59270c3fd7afecdb556c50c9e8de78 -> 
  custom:audio-decoder-ogg-vorbis: bf7c407c2cedff20999df2af8eb42d56 -> 
========================================================================
Received Prepare
Registering precompiled user dll's ...
Registered in 0.003322 seconds.
Begin MonoManager ReloadAssembly
Symbol file LoadedFromMemory doesn't match image S:\3rd Year CW\Comp3000 - Final Year Project\COMP3000-Game\My project\Library\PackageCache\com.unity.visualscripting@1.8.0\Editor\VisualScripting.Core\Dependencies\YamlDotNet\Unity.VisualScripting.YamlDotNet.dll
Symbol file LoadedFromMemory doesn't match image S:\3rd Year CW\Comp3000 - Final Year Project\COMP3000-Game\My project\Library\PackageCache\com.unity.visualscripting@1.8.0\Editor\VisualScripting.Core\Dependencies\DotNetZip\Unity.VisualScripting.IonicZip.dll
Native extension for WindowsStandalone target not found
Native extension for WebGL target not found
Refreshing native plugins compatible for Editor in 0.95 ms, found 3 plugins.
Preloading 0 native plugins for Editor in 0.00 ms.
Mono: successfully reloaded assembly
- Completed reload, in  0.748 seconds
Domain Reload Profiling:
	ReloadAssembly (749ms)
		BeginReloadAssembly (105ms)
			ExecutionOrderSort (0ms)
			DisableScriptedObjects (4ms)
			BackupInstance (0ms)
			ReleaseScriptingObjects (0ms)
			CreateAndSetChildDomain (29ms)
		EndReloadAssembly (575ms)
			LoadAssemblies (63ms)
			RebuildTransferFunctionScriptingTraits (0ms)
			SetupTypeCache (174ms)
			ReleaseScriptCaches (1ms)
			RebuildScriptCaches (34ms)
			SetupLoadedEditorAssemblies (266ms)
				LogAssemblyErrors (0ms)
				InitializePlatformSupportModulesInManaged (12ms)
				SetLoadedEditorAssemblies (0ms)
				RefreshPlugins (1ms)
				BeforeProcessingInitializeOnLoad (55ms)
				ProcessInitializeOnLoadAttributes (176ms)
				ProcessInitializeOnLoadMethodAttributes (16ms)
				AfterProcessingInitializeOnLoad (6ms)
				EditorAssembliesLoaded (0ms)
			ExecutionOrderSort2 (0ms)
			AwakeInstancesAfterBackupRestoration (7ms)
Platform modules already initialized, skipping
Refreshing native plugins compatible for Editor in 1.89 ms, found 3 plugins.
Preloading 0 native plugins for Editor in 0.00 ms.
Unloading 3564 Unused Serialized files (Serialized files now loaded: 0)
Unloading 30 unused Assets / (1.3 MB). Loaded Objects now: 4090.
Memory consumption went from 135.8 MB to 134.5 MB.
Total: 2.848400 ms (FindLiveObjects: 0.213800 ms CreateObjectMapping: 0.068900 ms MarkObjects: 2.272300 ms  DeleteObjects: 0.292900 ms)

AssetImportParameters requested are different than current active one (requested -> active):
  custom:video-decoder-ogg-theora: a1e56fd34408186e4bbccfd4996cb3dc -> 
  custom:container-muxer-webm: aa71ff27fc2769a1b78a27578f13a17b -> 
  custom:container-demuxer-webm: 4f35f7cbe854078d1ac9338744f61a02 -> 
  custom:video-encoder-webm-vp8: eb34c28f22e8b96e1ab97ce403110664 -> 
  custom:audio-encoder-webm-vorbis: bf7c407c2cedff20999df2af8eb42d56 -> 
  custom:framework-win-MediaFoundation: 216162199b28c13a410421893ffa2e32 -> 
  custom:container-demuxer-ogg: 62fdf1f143b41e24485cea50d1cbac27 -> 
  custom:video-decoder-webm-vp8: 9c59270c3fd7afecdb556c50c9e8de78 -> 
  custom:audio-decoder-ogg-vorbis: bf7c407c2cedff20999df2af8eb42d56 -> 
========================================================================
Received Prepare
Registering precompiled user dll's ...
Registered in 0.003685 seconds.
Begin MonoManager ReloadAssembly
Symbol file LoadedFromMemory doesn't match image S:\3rd Year CW\Comp3000 - Final Year Project\COMP3000-Game\My project\Library\PackageCache\com.unity.visualscripting@1.8.0\Editor\VisualScripting.Core\Dependencies\YamlDotNet\Unity.VisualScripting.YamlDotNet.dll
Symbol file LoadedFromMemory doesn't match image S:\3rd Year CW\Comp3000 - Final Year Project\COMP3000-Game\My project\Library\PackageCache\com.unity.visualscripting@1.8.0\Editor\VisualScripting.Core\Dependencies\DotNetZip\Unity.VisualScripting.IonicZip.dll
Native extension for WindowsStandalone target not found
Native extension for WebGL target not found
Refreshing native plugins compatible for Editor in 0.72 ms, found 3 plugins.
Preloading 0 native plugins for Editor in 0.00 ms.
Mono: successfully reloaded assembly
- Completed reload, in  0.780 seconds
Domain Reload Profiling:
	ReloadAssembly (780ms)
		BeginReloadAssembly (102ms)
			ExecutionOrderSort (0ms)
			DisableScriptedObjects (4ms)
			BackupInstance (0ms)
			ReleaseScriptingObjects (0ms)
			CreateAndSetChildDomain (28ms)
		EndReloadAssembly (612ms)
			LoadAssemblies (63ms)
			RebuildTransferFunctionScriptingTraits (0ms)
			SetupTypeCache (196ms)
			ReleaseScriptCaches (1ms)
			RebuildScriptCaches (35ms)
			SetupLoadedEditorAssemblies (276ms)
				LogAssemblyErrors (0ms)
				InitializePlatformSupportModulesInManaged (11ms)
				SetLoadedEditorAssemblies (0ms)
				RefreshPlugins (1ms)
				BeforeProcessingInitializeOnLoad (60ms)
				ProcessInitializeOnLoadAttributes (180ms)
				ProcessInitializeOnLoadMethodAttributes (17ms)
				AfterProcessingInitializeOnLoad (6ms)
				EditorAssembliesLoaded (0ms)
			ExecutionOrderSort2 (0ms)
			AwakeInstancesAfterBackupRestoration (6ms)
Platform modules already initialized, skipping
Refreshing native plugins compatible for Editor in 2.03 ms, found 3 plugins.
Preloading 0 native plugins for Editor in 0.00 ms.
Unloading 3564 Unused Serialized files (Serialized files now loaded: 0)
Unloading 30 unused Assets / (1.3 MB). Loaded Objects now: 4093.
Memory consumption went from 135.5 MB to 134.2 MB.
Total: 3.127400 ms (FindLiveObjects: 0.244800 ms CreateObjectMapping: 0.125200 ms MarkObjects: 2.423000 ms  DeleteObjects: 0.333500 ms)

AssetImportParameters requested are different than current active one (requested -> active):
  custom:video-decoder-ogg-theora: a1e56fd34408186e4bbccfd4996cb3dc -> 
  custom:container-muxer-webm: aa71ff27fc2769a1b78a27578f13a17b -> 
  custom:container-demuxer-webm: 4f35f7cbe854078d1ac9338744f61a02 -> 
  custom:video-encoder-webm-vp8: eb34c28f22e8b96e1ab97ce403110664 -> 
  custom:audio-encoder-webm-vorbis: bf7c407c2cedff20999df2af8eb42d56 -> 
  custom:framework-win-MediaFoundation: 216162199b28c13a410421893ffa2e32 -> 
  custom:container-demuxer-ogg: 62fdf1f143b41e24485cea50d1cbac27 -> 
  custom:video-decoder-webm-vp8: 9c59270c3fd7afecdb556c50c9e8de78 -> 
  custom:audio-decoder-ogg-vorbis: bf7c407c2cedff20999df2af8eb42d56 -> 
========================================================================
Received Prepare
Registering precompiled user dll's ...
Registered in 0.003165 seconds.
Begin MonoManager ReloadAssembly
Symbol file LoadedFromMemory doesn't match image S:\3rd Year CW\Comp3000 - Final Year Project\COMP3000-Game\My project\Library\PackageCache\com.unity.visualscripting@1.8.0\Editor\VisualScripting.Core\Dependencies\YamlDotNet\Unity.VisualScripting.YamlDotNet.dll
Symbol file LoadedFromMemory doesn't match image S:\3rd Year CW\Comp3000 - Final Year Project\COMP3000-Game\My project\Library\PackageCache\com.unity.visualscripting@1.8.0\Editor\VisualScripting.Core\Dependencies\DotNetZip\Unity.VisualScripting.IonicZip.dll
Native extension for WindowsStandalone target not found
Native extension for WebGL target not found
Refreshing native plugins compatible for Editor in 0.57 ms, found 3 plugins.
Preloading 0 native plugins for Editor in 0.00 ms.
Mono: successfully reloaded assembly
- Completed reload, in  0.759 seconds
Domain Reload Profiling:
	ReloadAssembly (760ms)
		BeginReloadAssembly (101ms)
			ExecutionOrderSort (0ms)
			DisableScriptedObjects (4ms)
			BackupInstance (0ms)
			ReleaseScriptingObjects (0ms)
			CreateAndSetChildDomain (30ms)
		EndReloadAssembly (592ms)
			LoadAssemblies (58ms)
			RebuildTransferFunctionScriptingTraits (0ms)
			SetupTypeCache (192ms)
			ReleaseScriptCaches (1ms)
			RebuildScriptCaches (40ms)
			SetupLoadedEditorAssemblies (256ms)
				LogAssemblyErrors (0ms)
				InitializePlatformSupportModulesInManaged (12ms)
				SetLoadedEditorAssemblies (1ms)
				RefreshPlugins (1ms)
				BeforeProcessingInitializeOnLoad (52ms)
				ProcessInitializeOnLoadAttributes (171ms)
				ProcessInitializeOnLoadMethodAttributes (13ms)
				AfterProcessingInitializeOnLoad (6ms)
				EditorAssembliesLoaded (0ms)
			ExecutionOrderSort2 (0ms)
			AwakeInstancesAfterBackupRestoration (6ms)
Platform modules already initialized, skipping
Refreshing native plugins compatible for Editor in 1.62 ms, found 3 plugins.
Preloading 0 native plugins for Editor in 0.00 ms.
Unloading 3564 Unused Serialized files (Serialized files now loaded: 0)
Unloading 30 unused Assets / (1.3 MB). Loaded Objects now: 4096.
Memory consumption went from 135.5 MB to 134.2 MB.
Total: 2.740400 ms (FindLiveObjects: 0.244100 ms CreateObjectMapping: 0.073500 ms MarkObjects: 2.133600 ms  DeleteObjects: 0.288600 ms)

AssetImportParameters requested are different than current active one (requested -> active):
  custom:video-decoder-ogg-theora: a1e56fd34408186e4bbccfd4996cb3dc -> 
  custom:container-muxer-webm: aa71ff27fc2769a1b78a27578f13a17b -> 
  custom:container-demuxer-webm: 4f35f7cbe854078d1ac9338744f61a02 -> 
  custom:video-encoder-webm-vp8: eb34c28f22e8b96e1ab97ce403110664 -> 
  custom:audio-encoder-webm-vorbis: bf7c407c2cedff20999df2af8eb42d56 -> 
  custom:framework-win-MediaFoundation: 216162199b28c13a410421893ffa2e32 -> 
  custom:container-demuxer-ogg: 62fdf1f143b41e24485cea50d1cbac27 -> 
  custom:video-decoder-webm-vp8: 9c59270c3fd7afecdb556c50c9e8de78 -> 
  custom:audio-decoder-ogg-vorbis: bf7c407c2cedff20999df2af8eb42d56 -> 
========================================================================
Received Import Request.
  Time since last request: 280360.146808 seconds.
  path: Assets/CaliburnStand.blend
  artifactKey: Guid(dde43be211b8abf499e4f63a39d3986a) Importer(815301076,1909f56bfc062723c751e8b465ee728b)
Start importing Assets/CaliburnStand.blend using Guid(dde43be211b8abf499e4f63a39d3986a) Importer(815301076,1909f56bfc062723c751e8b465ee728b)  -> (artifact id: '929c7ab295e3c51fc4aaf7e2c24237b9') in 0.147260 seconds 
========================================================================
Received Import Request.
  Time since last request: 16.730366 seconds.
  path: Assets/Caliburn.blend
  artifactKey: Guid(b6d2a983cbb3bb9439fb813fe3a9f0fe) Importer(815301076,1909f56bfc062723c751e8b465ee728b)
Start importing Assets/Caliburn.blend using Guid(b6d2a983cbb3bb9439fb813fe3a9f0fe) Importer(815301076,1909f56bfc062723c751e8b465ee728b)  -> (artifact id: '8f0553cabc4ee7031358e369cb1064b8') in 0.078165 seconds 
========================================================================
Received Import Request.
  Time since last request: 317.421508 seconds.
  path: Assets/Materials/Sarge/Dreyar_diffuse.png
  artifactKey: Guid(72df0387e45425c48a6d885b49814b33) Importer(815301076,1909f56bfc062723c751e8b465ee728b)
Start importing Assets/Materials/Sarge/Dreyar_diffuse.png using Guid(72df0387e45425c48a6d885b49814b33) Importer(815301076,1909f56bfc062723c751e8b465ee728b)  -> (artifact id: '80a3fbdb227de31929cc47c3c3be9bf5') in 0.039994 seconds 
========================================================================
Received Import Request.
  Time since last request: 0.000015 seconds.
  path: Assets/Materials/Sarge/Dreyar_specular.png
  artifactKey: Guid(c6e4adfa067805245987afef21d4e9d8) Importer(815301076,1909f56bfc062723c751e8b465ee728b)
Start importing Assets/Materials/Sarge/Dreyar_specular.png using Guid(c6e4adfa067805245987afef21d4e9d8) Importer(815301076,1909f56bfc062723c751e8b465ee728b)  -> (artifact id: '635d48d3f31642a3265fc8e115e95148') in 0.012055 seconds 
========================================================================
Received Prepare
Registering precompiled user dll's ...
Registered in 0.003372 seconds.
Begin MonoManager ReloadAssembly
Symbol file LoadedFromMemory doesn't match image S:\3rd Year CW\Comp3000 - Final Year Project\COMP3000-Game\My project\Library\PackageCache\com.unity.visualscripting@1.8.0\Editor\VisualScripting.Core\Dependencies\YamlDotNet\Unity.VisualScripting.YamlDotNet.dll
Symbol file LoadedFromMemory doesn't match image S:\3rd Year CW\Comp3000 - Final Year Project\COMP3000-Game\My project\Library\PackageCache\com.unity.visualscripting@1.8.0\Editor\VisualScripting.Core\Dependencies\DotNetZip\Unity.VisualScripting.IonicZip.dll
Native extension for WindowsStandalone target not found
Native extension for WebGL target not found
Refreshing native plugins compatible for Editor in 0.61 ms, found 3 plugins.
Preloading 0 native plugins for Editor in 0.00 ms.
Mono: successfully reloaded assembly
- Completed reload, in  0.752 seconds
Domain Reload Profiling:
	ReloadAssembly (753ms)
		BeginReloadAssembly (105ms)
			ExecutionOrderSort (0ms)
			DisableScriptedObjects (3ms)
			BackupInstance (0ms)
			ReleaseScriptingObjects (0ms)
			CreateAndSetChildDomain (30ms)
		EndReloadAssembly (577ms)
			LoadAssemblies (63ms)
			RebuildTransferFunctionScriptingTraits (0ms)
			SetupTypeCache (170ms)
			ReleaseScriptCaches (1ms)
			RebuildScriptCaches (33ms)
			SetupLoadedEditorAssemblies (270ms)
				LogAssemblyErrors (0ms)
				InitializePlatformSupportModulesInManaged (13ms)
				SetLoadedEditorAssemblies (1ms)
				RefreshPlugins (1ms)
				BeforeProcessingInitializeOnLoad (59ms)
				ProcessInitializeOnLoadAttributes (174ms)
				ProcessInitializeOnLoadMethodAttributes (15ms)
				AfterProcessingInitializeOnLoad (7ms)
				EditorAssembliesLoaded (0ms)
			ExecutionOrderSort2 (0ms)
			AwakeInstancesAfterBackupRestoration (7ms)
Platform modules already initialized, skipping
Refreshing native plugins compatible for Editor in 1.55 ms, found 3 plugins.
Preloading 0 native plugins for Editor in 0.00 ms.
Unloading 3564 Unused Serialized files (Serialized files now loaded: 0)
Unloading 30 unused Assets / (1.3 MB). Loaded Objects now: 4146.
Memory consumption went from 140.4 MB to 139.0 MB.
Total: 2.653600 ms (FindLiveObjects: 0.221800 ms CreateObjectMapping: 0.070800 ms MarkObjects: 2.065300 ms  DeleteObjects: 0.295100 ms)

AssetImportParameters requested are different than current active one (requested -> active):
  custom:video-decoder-ogg-theora: a1e56fd34408186e4bbccfd4996cb3dc -> 
  custom:container-muxer-webm: aa71ff27fc2769a1b78a27578f13a17b -> 
  custom:container-demuxer-webm: 4f35f7cbe854078d1ac9338744f61a02 -> 
  custom:video-encoder-webm-vp8: eb34c28f22e8b96e1ab97ce403110664 -> 
  custom:audio-encoder-webm-vorbis: bf7c407c2cedff20999df2af8eb42d56 -> 
  custom:framework-win-MediaFoundation: 216162199b28c13a410421893ffa2e32 -> 
  custom:container-demuxer-ogg: 62fdf1f143b41e24485cea50d1cbac27 -> 
  custom:video-decoder-webm-vp8: 9c59270c3fd7afecdb556c50c9e8de78 -> 
  custom:audio-decoder-ogg-vorbis: bf7c407c2cedff20999df2af8eb42d56 -> 
========================================================================
Received Import Request.
  Time since last request: 507.915606 seconds.
  path: Assets/Materials/Enemy/Ch30_1001_Diffuse 1.png
  artifactKey: Guid(f2dfd3a8691df064fb1296dbbbe36f8e) Importer(815301076,1909f56bfc062723c751e8b465ee728b)
Start importing Assets/Materials/Enemy/Ch30_1001_Diffuse 1.png using Guid(f2dfd3a8691df064fb1296dbbbe36f8e) Importer(815301076,1909f56bfc062723c751e8b465ee728b)  -> (artifact id: 'e5528e017758590240bb1bb1a2fd01a8') in 0.047344 seconds 
========================================================================
Received Import Request.
  Time since last request: 0.000021 seconds.
  path: Assets/Materials/Enemy/Ch30_1001_Normal 1.png
  artifactKey: Guid(39220c6ecaeaf0047aaf47c4b90697c8) Importer(815301076,1909f56bfc062723c751e8b465ee728b)
Start importing Assets/Materials/Enemy/Ch30_1001_Normal 1.png using Guid(39220c6ecaeaf0047aaf47c4b90697c8) Importer(815301076,1909f56bfc062723c751e8b465ee728b)  -> (artifact id: 'bbb215764d8bf11f09a9761236a7bc24') in 0.025921 seconds 
========================================================================
Received Import Request.
  Time since last request: 0.000016 seconds.
  path: Assets/Materials/Enemy/Ch30_Body.mat
  artifactKey: Guid(113fafe10afebcc4e8c5aee264c1ff7d) Importer(815301076,1909f56bfc062723c751e8b465ee728b)
Start importing Assets/Materials/Enemy/Ch30_Body.mat using Guid(113fafe10afebcc4e8c5aee264c1ff7d) Importer(815301076,1909f56bfc062723c751e8b465ee728b)  -> (artifact id: 'c8ab5a179dbb96dbaf1290d6d24addf9') in 0.061009 seconds 
========================================================================
Received Import Request.
  Time since last request: 0.000017 seconds.
  path: Assets/Materials/Enemy/Ch30_1002_Specular 1.png
  artifactKey: Guid(39571ee7a7c914c438c0fd1763a0cb55) Importer(815301076,1909f56bfc062723c751e8b465ee728b)
Start importing Assets/Materials/Enemy/Ch30_1002_Specular 1.png using Guid(39571ee7a7c914c438c0fd1763a0cb55) Importer(815301076,1909f56bfc062723c751e8b465ee728b)  -> (artifact id: '9344213a97ba4dfffc48f81d259e029e') in 0.010498 seconds 
========================================================================
Received Import Request.
  Time since last request: 8.383675 seconds.
  path: Assets/Materials/YughuesFreeMetalMaterials/Materials/Textures/T_01_Normal.tga
  artifactKey: Guid(e63efd1ff58b45b4ca71d2571ebe8ea2) Importer(815301076,1909f56bfc062723c751e8b465ee728b)
Start importing Assets/Materials/YughuesFreeMetalMaterials/Materials/Textures/T_01_Normal.tga using Guid(e63efd1ff58b45b4ca71d2571ebe8ea2) Importer(815301076,1909f56bfc062723c751e8b465ee728b)  -> (artifact id: 'f93f40a733afbe62e4fa7336905554cc') in 0.017062 seconds 
========================================================================
Received Import Request.
  Time since last request: 0.000015 seconds.
  path: Assets/Materials/YughuesFreeMetalMaterials/Materials/Textures/T_12_Specular.tga
  artifactKey: Guid(d72611aa5c8088f4eb634a6f1178acd5) Importer(815301076,1909f56bfc062723c751e8b465ee728b)
Start importing Assets/Materials/YughuesFreeMetalMaterials/Materials/Textures/T_12_Specular.tga using Guid(d72611aa5c8088f4eb634a6f1178acd5) Importer(815301076,1909f56bfc062723c751e8b465ee728b)  -> (artifact id: '751212a2cad116266cddd0d4bdf2581a') in 0.011649 seconds 
========================================================================
Received Import Request.
  Time since last request: 0.000016 seconds.
  path: Assets/Materials/YughuesFreeMetalMaterials/Materials/Textures/T_19_Diffuse.tga
  artifactKey: Guid(ef882f7a63423bf4896b9f58e236acf9) Importer(815301076,1909f56bfc062723c751e8b465ee728b)
Start importing Assets/Materials/YughuesFreeMetalMaterials/Materials/Textures/T_19_Diffuse.tga using Guid(ef882f7a63423bf4896b9f58e236acf9) Importer(815301076,1909f56bfc062723c751e8b465ee728b)  -> (artifact id: 'b760df3ab678d53cd7697db272ffa638') in 0.012903 seconds 
========================================================================
Received Import Request.
  Time since last request: 0.000017 seconds.
  path: Assets/Materials/YughuesFreeMetalMaterials/Materials/Textures/T_18_Normal.tga
  artifactKey: Guid(c902dc60be5856949909aacd8d22ccea) Importer(815301076,1909f56bfc062723c751e8b465ee728b)
Start importing Assets/Materials/YughuesFreeMetalMaterials/Materials/Textures/T_18_Normal.tga using Guid(c902dc60be5856949909aacd8d22ccea) Importer(815301076,1909f56bfc062723c751e8b465ee728b)  -> (artifact id: 'e0020a5bef5cbd631d0ef4cd238960ea') in 0.010435 seconds 
========================================================================
Received Import Request.
  Time since last request: 0.000018 seconds.
  path: Assets/Materials/YughuesFreeMetalMaterials/Materials/Textures/T_10_Specular.tga
  artifactKey: Guid(03dd414d6373d4e458121278ae3a91e5) Importer(815301076,1909f56bfc062723c751e8b465ee728b)
Start importing Assets/Materials/YughuesFreeMetalMaterials/Materials/Textures/T_10_Specular.tga using Guid(03dd414d6373d4e458121278ae3a91e5) Importer(815301076,1909f56bfc062723c751e8b465ee728b)  -> (artifact id: 'd909d082f2c4beb7c03191c410a02f4c') in 0.011023 seconds 
========================================================================
Received Import Request.
  Time since last request: 0.000015 seconds.
  path: Assets/Materials/YughuesFreeMetalMaterials/Materials/Textures/T_03_Specular.tga
  artifactKey: Guid(d12195ae4fdaf7a4bbf1c1cc203a8dd9) Importer(815301076,1909f56bfc062723c751e8b465ee728b)
Start importing Assets/Materials/YughuesFreeMetalMaterials/Materials/Textures/T_03_Specular.tga using Guid(d12195ae4fdaf7a4bbf1c1cc203a8dd9) Importer(815301076,1909f56bfc062723c751e8b465ee728b)  -> (artifact id: '2ee4f8c2adf912aaea5ff8daa687cd85') in 0.010785 seconds 
========================================================================
Received Import Request.
  Time since last request: 0.000022 seconds.
  path: Assets/Materials/YughuesFreeMetalMaterials/Materials/Textures/T_20_Diffuse.tga
  artifactKey: Guid(87c733e12f51e524d919526b301155bd) Importer(815301076,1909f56bfc062723c751e8b465ee728b)
Start importing Assets/Materials/YughuesFreeMetalMaterials/Materials/Textures/T_20_Diffuse.tga using Guid(87c733e12f51e524d919526b301155bd) Importer(815301076,1909f56bfc062723c751e8b465ee728b)  -> (artifact id: '488ea0617daa4c241f769cf8354b14db') in 0.011208 seconds 
========================================================================
Received Import Request.
  Time since last request: 0.000022 seconds.
  path: Assets/Materials/YughuesFreeMetalMaterials/Materials/Textures/T_14_Normal.tga
  artifactKey: Guid(d89e0d9211450ba46a26692c471bc88b) Importer(815301076,1909f56bfc062723c751e8b465ee728b)
Start importing Assets/Materials/YughuesFreeMetalMaterials/Materials/Textures/T_14_Normal.tga using Guid(d89e0d9211450ba46a26692c471bc88b) Importer(815301076,1909f56bfc062723c751e8b465ee728b)  -> (artifact id: 'd4406d27c589f9cd1cb2dd8dfaf89f4e') in 0.013882 seconds 
========================================================================
Received Import Request.
  Time since last request: 0.000015 seconds.
  path: Assets/Materials/YughuesFreeMetalMaterials/Materials/Textures/T_04_Normal.tga
  artifactKey: Guid(c8032c4dd699e8d4d8aa56e703af1483) Importer(815301076,1909f56bfc062723c751e8b465ee728b)
Start importing Assets/Materials/YughuesFreeMetalMaterials/Materials/Textures/T_04_Normal.tga using Guid(c8032c4dd699e8d4d8aa56e703af1483) Importer(815301076,1909f56bfc062723c751e8b465ee728b)  -> (artifact id: 'ea5d21e49da9a6978a028c5fec45cf5e') in 0.012293 seconds 
========================================================================
Received Import Request.
  Time since last request: 0.000015 seconds.
  path: Assets/Materials/YughuesFreeMetalMaterials/Materials/Textures/T_07_Diffuse.tga
  artifactKey: Guid(d0e1b4cdfbad6b348a3f788a993a77d4) Importer(815301076,1909f56bfc062723c751e8b465ee728b)
Start importing Assets/Materials/YughuesFreeMetalMaterials/Materials/Textures/T_07_Diffuse.tga using Guid(d0e1b4cdfbad6b348a3f788a993a77d4) Importer(815301076,1909f56bfc062723c751e8b465ee728b)  -> (artifact id: 'd2926525b632e4e0dab03f05686b4de2') in 0.010660 seconds 
========================================================================
Received Import Request.
  Time since last request: 0.000019 seconds.
  path: Assets/Materials/YughuesFreeMetalMaterials/Materials/Textures/T_20_Normal.tga
  artifactKey: Guid(0bbf8e810623a7147b33e57b1b821b00) Importer(815301076,1909f56bfc062723c751e8b465ee728b)
Start importing Assets/Materials/YughuesFreeMetalMaterials/Materials/Textures/T_20_Normal.tga using Guid(0bbf8e810623a7147b33e57b1b821b00) Importer(815301076,1909f56bfc062723c751e8b465ee728b)  -> (artifact id: '91bc80723f2a714a2bc820355f35aaa7') in 0.010882 seconds 
========================================================================
Received Import Request.
  Time since last request: 0.000020 seconds.
  path: Assets/Materials/YughuesFreeMetalMaterials/Materials/Textures/T_21_Normal.tga
  artifactKey: Guid(e467b527fd3204a4292b9afadb018f4a) Importer(815301076,1909f56bfc062723c751e8b465ee728b)
Start importing Assets/Materials/YughuesFreeMetalMaterials/Materials/Textures/T_21_Normal.tga using Guid(e467b527fd3204a4292b9afadb018f4a) Importer(815301076,1909f56bfc062723c751e8b465ee728b)  -> (artifact id: '51cc9aa6a3fdeaafc22c28edfbdff886') in 0.009687 seconds 
========================================================================
Received Import Request.
  Time since last request: 0.000024 seconds.
  path: Assets/Materials/YughuesFreeMetalMaterials/Materials/Textures/T_18_Diffuse.tga
  artifactKey: Guid(593ec409626273b4fafae09440a512d5) Importer(815301076,1909f56bfc062723c751e8b465ee728b)
Start importing Assets/Materials/YughuesFreeMetalMaterials/Materials/Textures/T_18_Diffuse.tga using Guid(593ec409626273b4fafae09440a512d5) Importer(815301076,1909f56bfc062723c751e8b465ee728b)  -> (artifact id: 'c2f069907d58234cc88f3f1c38100806') in 0.014189 seconds 
========================================================================
Received Import Request.
  Time since last request: 0.000027 seconds.
  path: Assets/Materials/YughuesFreeMetalMaterials/Materials/Textures/T_04_Diffuse.tga
  artifactKey: Guid(34642f23da78a9f43b87e30f0b38a796) Importer(815301076,1909f56bfc062723c751e8b465ee728b)
Start importing Assets/Materials/YughuesFreeMetalMaterials/Materials/Textures/T_04_Diffuse.tga using Guid(34642f23da78a9f43b87e30f0b38a796) Importer(815301076,1909f56bfc062723c751e8b465ee728b)  -> (artifact id: '7ebaa5dd7b2d6d885b51e6a6fc405d52') in 0.013002 seconds 
========================================================================
Received Import Request.
  Time since last request: 0.000018 seconds.
  path: Assets/Materials/YughuesFreeMetalMaterials/Materials/Textures/T_21_Diffuse.tga
  artifactKey: Guid(65c44c9418dce2e4e966f8fb196d64db) Importer(815301076,1909f56bfc062723c751e8b465ee728b)
Start importing Assets/Materials/YughuesFreeMetalMaterials/Materials/Textures/T_21_Diffuse.tga using Guid(65c44c9418dce2e4e966f8fb196d64db) Importer(815301076,1909f56bfc062723c751e8b465ee728b)  -> (artifact id: '6c66375c3b8db164be6dee0949050bea') in 0.009984 seconds 
========================================================================
Received Import Request.
  Time since last request: 0.000026 seconds.
  path: Assets/Materials/YughuesFreeMetalMaterials/Materials/Textures/T_04_Specular.tga
  artifactKey: Guid(5ac21282e11c3a6439d85e1da57f5989) Importer(815301076,1909f56bfc062723c751e8b465ee728b)
Start importing Assets/Materials/YughuesFreeMetalMaterials/Materials/Textures/T_04_Specular.tga using Guid(5ac21282e11c3a6439d85e1da57f5989) Importer(815301076,1909f56bfc062723c751e8b465ee728b)  -> (artifact id: 'ad5eaa7ba979c625ccbec37795868a7d') in 0.014072 seconds 
========================================================================
Received Import Request.
  Time since last request: 1.229766 seconds.
  path: Assets/Materials/YughuesFreeMetalMaterials/Materials/Textures/T_22_Diffuse.tga
  artifactKey: Guid(445cb47871abfa0459e87e16500c10c7) Importer(815301076,1909f56bfc062723c751e8b465ee728b)
Start importing Assets/Materials/YughuesFreeMetalMaterials/Materials/Textures/T_22_Diffuse.tga using Guid(445cb47871abfa0459e87e16500c10c7) Importer(815301076,1909f56bfc062723c751e8b465ee728b)  -> (artifact id: '108a36984cc6a1fa45594ebaa218c37f') in 0.014110 seconds 
========================================================================
Received Import Request.
  Time since last request: 0.000018 seconds.
  path: Assets/Materials/YughuesFreeMetalMaterials/Materials/Textures/T_24_Diffuse.tga
  artifactKey: Guid(4bdf8705c42ae7540afc582420d73843) Importer(815301076,1909f56bfc062723c751e8b465ee728b)
Start importing Assets/Materials/YughuesFreeMetalMaterials/Materials/Textures/T_24_Diffuse.tga using Guid(4bdf8705c42ae7540afc582420d73843) Importer(815301076,1909f56bfc062723c751e8b465ee728b)  -> (artifact id: '2b8efcaf77285e136c211c7a5f9aee0e') in 0.013583 seconds 
========================================================================
Received Import Request.
  Time since last request: 0.000020 seconds.
  path: Assets/Materials/YughuesFreeMetalMaterials/Materials/Textures/T_25_Diffuse.tga
  artifactKey: Guid(cff6b5a878a08e34f9669b5d411e994d) Importer(815301076,1909f56bfc062723c751e8b465ee728b)
Start importing Assets/Materials/YughuesFreeMetalMaterials/Materials/Textures/T_25_Diffuse.tga using Guid(cff6b5a878a08e34f9669b5d411e994d) Importer(815301076,1909f56bfc062723c751e8b465ee728b)  -> (artifact id: 'ca228a0ad1f8b88c8dc267c4e202411c') in 0.014069 seconds 
========================================================================
Received Import Request.
  Time since last request: 0.000022 seconds.
  path: Assets/Materials/YughuesFreeMetalMaterials/Materials/Textures/T_30_Specular.tga
  artifactKey: Guid(a9d5254462ec08c49bfbc9da579a1f13) Importer(815301076,1909f56bfc062723c751e8b465ee728b)
Start importing Assets/Materials/YughuesFreeMetalMaterials/Materials/Textures/T_30_Specular.tga using Guid(a9d5254462ec08c49bfbc9da579a1f13) Importer(815301076,1909f56bfc062723c751e8b465ee728b)  -> (artifact id: '8bf3f0b4ac6959f328a125d645557a4e') in 0.014181 seconds 
========================================================================
Received Import Request.
  Time since last request: 0.000015 seconds.
  path: Assets/Materials/YughuesFreeMetalMaterials/Materials/Textures/T_30_Diffuse.tga
  artifactKey: Guid(6612a81492f80c143801fcb059874cea) Importer(815301076,1909f56bfc062723c751e8b465ee728b)
Start importing Assets/Materials/YughuesFreeMetalMaterials/Materials/Textures/T_30_Diffuse.tga using Guid(6612a81492f80c143801fcb059874cea) Importer(815301076,1909f56bfc062723c751e8b465ee728b)  -> (artifact id: 'f190cfbb64ea02f3d8002556bb2a4ac6') in 0.013667 seconds 
========================================================================
Received Import Request.
  Time since last request: 0.000020 seconds.
  path: Assets/Materials/YughuesFreeMetalMaterials/Materials/Textures/T_32_Diffuse.tga
  artifactKey: Guid(ca4ea6523c57b804492b6ea25083411b) Importer(815301076,1909f56bfc062723c751e8b465ee728b)
Start importing Assets/Materials/YughuesFreeMetalMaterials/Materials/Textures/T_32_Diffuse.tga using Guid(ca4ea6523c57b804492b6ea25083411b) Importer(815301076,1909f56bfc062723c751e8b465ee728b)  -> (artifact id: '1da33385a6c4a9a4930283235e282865') in 0.013404 seconds 
========================================================================
Received Import Request.
  Time since last request: 0.009383 seconds.
  path: Assets/Materials/YughuesFreeMetalMaterials/Materials/Textures/T_32_Specular.tga
  artifactKey: Guid(a56680fa333c9894ba111daea6d1c386) Importer(815301076,1909f56bfc062723c751e8b465ee728b)
Start importing Assets/Materials/YughuesFreeMetalMaterials/Materials/Textures/T_32_Specular.tga using Guid(a56680fa333c9894ba111daea6d1c386) Importer(815301076,1909f56bfc062723c751e8b465ee728b)  -> (artifact id: '9a62a380d68d045a7507f828a5a28411') in 0.013440 seconds 
========================================================================
Received Import Request.
  Time since last request: 0.000015 seconds.
  path: Assets/Materials/YughuesFreeMetalMaterials/Materials/Textures/T_36_Specular.tga
  artifactKey: Guid(f0227a91a3a34cf459bf745bb80cc352) Importer(815301076,1909f56bfc062723c751e8b465ee728b)
Start importing Assets/Materials/YughuesFreeMetalMaterials/Materials/Textures/T_36_Specular.tga using Guid(f0227a91a3a34cf459bf745bb80cc352) Importer(815301076,1909f56bfc062723c751e8b465ee728b)  -> (artifact id: '124482179ebf8fe950f04c723278434f') in 0.011636 seconds 
========================================================================
Received Import Request.
  Time since last request: 0.000022 seconds.
  path: Assets/Materials/YughuesFreeMetalMaterials/Materials/Textures/T_34_Diffuse.tga
  artifactKey: Guid(48767341f44caab40ac1a920878bb23c) Importer(815301076,1909f56bfc062723c751e8b465ee728b)
Start importing Assets/Materials/YughuesFreeMetalMaterials/Materials/Textures/T_34_Diffuse.tga using Guid(48767341f44caab40ac1a920878bb23c) Importer(815301076,1909f56bfc062723c751e8b465ee728b)  -> (artifact id: '0089bfce7717d9c62219696418e46cb6') in 0.012337 seconds 
========================================================================
Received Import Request.
  Time since last request: 0.000022 seconds.
  path: Assets/Materials/YughuesFreeMetalMaterials/Materials/Textures/T_33_Specular.tga
  artifactKey: Guid(2f8736d3b14d57248aa4deb116b93d32) Importer(815301076,1909f56bfc062723c751e8b465ee728b)
Start importing Assets/Materials/YughuesFreeMetalMaterials/Materials/Textures/T_33_Specular.tga using Guid(2f8736d3b14d57248aa4deb116b93d32) Importer(815301076,1909f56bfc062723c751e8b465ee728b)  -> (artifact id: 'b9374ebb39c339cacf111189ef698b2a') in 0.011216 seconds 
========================================================================
Received Import Request.
  Time since last request: 0.307296 seconds.
  path: Assets/Materials/YughuesFreeMetalMaterials/Materials/Textures/T_38_Diffuse.tga
  artifactKey: Guid(9a1b6d5ae0baac0468a752a11214c0d6) Importer(815301076,1909f56bfc062723c751e8b465ee728b)
Start importing Assets/Materials/YughuesFreeMetalMaterials/Materials/Textures/T_38_Diffuse.tga using Guid(9a1b6d5ae0baac0468a752a11214c0d6) Importer(815301076,1909f56bfc062723c751e8b465ee728b)  -> (artifact id: '429bffc1d3f25560749b1ae031c0a3fe') in 0.013310 seconds 
========================================================================
Received Import Request.
  Time since last request: 0.000016 seconds.
  path: Assets/Materials/YughuesFreeMetalMaterials/Materials/Textures/T_43_Diffuse.tga
  artifactKey: Guid(61bdf41cb49a71748920f36a147e455f) Importer(815301076,1909f56bfc062723c751e8b465ee728b)
Start importing Assets/Materials/YughuesFreeMetalMaterials/Materials/Textures/T_43_Diffuse.tga using Guid(61bdf41cb49a71748920f36a147e455f) Importer(815301076,1909f56bfc062723c751e8b465ee728b)  -> (artifact id: '712bb5b4a5830dcec64280589ccd98fb') in 0.012043 seconds 
========================================================================
Received Import Request.
  Time since last request: 0.000016 seconds.
  path: Assets/Materials/YughuesFreeMetalMaterials/Materials/Textures/T_48_Diffuse.tga
  artifactKey: Guid(485b71d54b858e246a86b7c8713d8476) Importer(815301076,1909f56bfc062723c751e8b465ee728b)
Start importing Assets/Materials/YughuesFreeMetalMaterials/Materials/Textures/T_48_Diffuse.tga using Guid(485b71d54b858e246a86b7c8713d8476) Importer(815301076,1909f56bfc062723c751e8b465ee728b)  -> (artifact id: 'b436dd59518a8cd716c9022de906d477') in 0.012277 seconds 
========================================================================
Received Import Request.
  Time since last request: 0.000016 seconds.
  path: Assets/Materials/YughuesFreeMetalMaterials/Materials/Textures/T_44_Diffuse.tga
  artifactKey: Guid(f2ad0c737db19b242a7ac4ec9dbc0a2c) Importer(815301076,1909f56bfc062723c751e8b465ee728b)
Start importing Assets/Materials/YughuesFreeMetalMaterials/Materials/Textures/T_44_Diffuse.tga using Guid(f2ad0c737db19b242a7ac4ec9dbc0a2c) Importer(815301076,1909f56bfc062723c751e8b465ee728b)  -> (artifact id: 'f82e353fee3a9fb84c72580ef9630740') in 0.012797 seconds 
========================================================================
Received Import Request.
  Time since last request: 0.000014 seconds.
  path: Assets/Materials/YughuesFreeMetalMaterials/Materials/Textures/T_46_Specular.tga
  artifactKey: Guid(8bc770dd8bed136429f69e2a33a1586b) Importer(815301076,1909f56bfc062723c751e8b465ee728b)
Start importing Assets/Materials/YughuesFreeMetalMaterials/Materials/Textures/T_46_Specular.tga using Guid(8bc770dd8bed136429f69e2a33a1586b) Importer(815301076,1909f56bfc062723c751e8b465ee728b)  -> (artifact id: '9d414c60adf8763469e3a366d49e0fcc') in 0.013163 seconds 
========================================================================
Received Import Request.
  Time since last request: 0.000017 seconds.
  path: Assets/Materials/YughuesFreeMetalMaterials/Materials/Textures/T_44_Normal.tga
  artifactKey: Guid(54704d4d7f76b2e468dd1ca8dc904528) Importer(815301076,1909f56bfc062723c751e8b465ee728b)
Start importing Assets/Materials/YughuesFreeMetalMaterials/Materials/Textures/T_44_Normal.tga using Guid(54704d4d7f76b2e468dd1ca8dc904528) Importer(815301076,1909f56bfc062723c751e8b465ee728b)  -> (artifact id: '78e56406efde2a9b32e07f67a2a4f74d') in 0.011854 seconds 
========================================================================
Received Import Request.
  Time since last request: 0.000014 seconds.
  path: Assets/Materials/YughuesFreeMetalMaterials/Materials/Textures/T_48_Specular.tga
  artifactKey: Guid(e9bce6c95f36f1e4ea73c08b2a6165e3) Importer(815301076,1909f56bfc062723c751e8b465ee728b)
Start importing Assets/Materials/YughuesFreeMetalMaterials/Materials/Textures/T_48_Specular.tga using Guid(e9bce6c95f36f1e4ea73c08b2a6165e3) Importer(815301076,1909f56bfc062723c751e8b465ee728b)  -> (artifact id: '35f6069ce39e17170a75fc83cc080ddd') in 0.013254 seconds 
========================================================================
Received Import Request.
  Time since last request: 0.000016 seconds.
  path: Assets/Materials/YughuesFreeMetalMaterials/Materials/Textures/T_48_Normal.tga
  artifactKey: Guid(965f578db66371a418b1bd28186fa392) Importer(815301076,1909f56bfc062723c751e8b465ee728b)
Start importing Assets/Materials/YughuesFreeMetalMaterials/Materials/Textures/T_48_Normal.tga using Guid(965f578db66371a418b1bd28186fa392) Importer(815301076,1909f56bfc062723c751e8b465ee728b)  -> (artifact id: '9c093995289c0118d9be12c14c91c7dd') in 0.012115 seconds 
Editor requested this worker to shutdown with reason: Scaling down because of idle timeout
AssetImportWorker is now disconnected from the server
Process exiting
Exiting without the bug reporter. Application will terminate with return code 0