Using pre-set license
Built from '2021.3/staging' branch; Version is '2021.3.18f1 (3129e69bc0c7) revision 3221990'; Using compiler version '192829333'; Build Type 'Release'
OS: 'Windows 11  (10.0.22621) 64bit Professional' Language: 'en' Physical Memory: 32651 MB
BatchMode: 1, IsHumanControllingUs: 0, StartBugReporterOnCrash: 0, Is64bit: 1, IsPro: 1

COMMAND LINE ARGUMENTS:
C:\Program Files\Unity\Hub\Editor\2021.3.18f1\Editor\Unity.exe
-adb2
-batchMode
-noUpm
-name
AssetImportWorker14
-projectPath
S:/3rd Year CW/Comp3000 - Final Year Project/COMP3000-Game/My project
-logFile
Logs/AssetImportWorker14.log
-srvPort
63098
Successfully changed project path to: S:/3rd Year CW/Comp3000 - Final Year Project/COMP3000-Game/My project
S:/3rd Year CW/Comp3000 - Final Year Project/COMP3000-Game/My project
[UnityMemory] Configuration Parameters - Can be set up in boot.config
    "memorysetup-bucket-allocator-granularity=16"
    "memorysetup-bucket-allocator-bucket-count=8"
    "memorysetup-bucket-allocator-block-size=33554432"
    "memorysetup-bucket-allocator-block-count=8"
    "memorysetup-main-allocator-block-size=16777216"
    "memorysetup-thread-allocator-block-size=16777216"
    "memorysetup-gfx-main-allocator-block-size=16777216"
    "memorysetup-gfx-thread-allocator-block-size=16777216"
    "memorysetup-cache-allocator-block-size=4194304"
    "memorysetup-typetree-allocator-block-size=2097152"
    "memorysetup-profiler-bucket-allocator-granularity=16"
    "memorysetup-profiler-bucket-allocator-bucket-count=8"
    "memorysetup-profiler-bucket-allocator-block-size=33554432"
    "memorysetup-profiler-bucket-allocator-block-count=8"
    "memorysetup-profiler-allocator-block-size=16777216"
    "memorysetup-profiler-editor-allocator-block-size=1048576"
    "memorysetup-temp-allocator-size-main=16777216"
    "memorysetup-job-temp-allocator-block-size=2097152"
    "memorysetup-job-temp-allocator-block-size-background=1048576"
    "memorysetup-job-temp-allocator-reduction-small-platforms=262144"
    "memorysetup-temp-allocator-size-background-worker=32768"
    "memorysetup-temp-allocator-size-job-worker=262144"
    "memorysetup-temp-allocator-size-preload-manager=33554432"
    "memorysetup-temp-allocator-size-nav-mesh-worker=65536"
    "memorysetup-temp-allocator-size-audio-worker=65536"
    "memorysetup-temp-allocator-size-cloud-worker=32768"
    "memorysetup-temp-allocator-size-gi-baking-worker=262144"
    "memorysetup-temp-allocator-size-gfx=262144"
Player connection [48448] Host "[IP] 10.10.15.183 [Port] 0 [Flags] 2 [Guid] 3129510382 [EditorId] 3129510382 [Version] 1048832 [Id] WindowsEditor(7,DESKTOP-I9H9PA6) [Debug] 1 [PackageName] WindowsEditor [ProjectName] Editor" joined multi-casting on [225.0.0.222:54997]...

Player connection [48448] Host "[IP] 10.10.15.183 [Port] 0 [Flags] 2 [Guid] 3129510382 [EditorId] 3129510382 [Version] 1048832 [Id] WindowsEditor(7,DESKTOP-I9H9PA6) [Debug] 1 [PackageName] WindowsEditor [ProjectName] Editor" joined alternative multi-casting on [225.0.0.222:34997]...

Refreshing native plugins compatible for Editor in 79.75 ms, found 3 plugins.
Preloading 0 native plugins for Editor in 0.00 ms.
Initialize engine version: 2021.3.18f1 (3129e69bc0c7)
[Subsystems] Discovering subsystems at path C:/Program Files/Unity/Hub/Editor/2021.3.18f1/Editor/Data/Resources/UnitySubsystems
[Subsystems] Discovering subsystems at path S:/3rd Year CW/Comp3000 - Final Year Project/COMP3000-Game/My project/Assets
GfxDevice: creating device client; threaded=0; jobified=0
Direct3D:
    Version:  Direct3D 11.0 [level 11.1]
    Renderer: NVIDIA GeForce RTX 3070 (ID=0x2488)
    Vendor:   NVIDIA
    VRAM:     8032 MB
    Driver:   31.0.15.4617
Initialize mono
Mono path[0] = 'C:/Program Files/Unity/Hub/Editor/2021.3.18f1/Editor/Data/Managed'
Mono path[1] = 'C:/Program Files/Unity/Hub/Editor/2021.3.18f1/Editor/Data/MonoBleedingEdge/lib/mono/unityjit-win32'
Mono config path = 'C:/Program Files/Unity/Hub/Editor/2021.3.18f1/Editor/Data/MonoBleedingEdge/etc'
Using monoOptions --debugger-agent=transport=dt_socket,embedding=1,server=y,suspend=n,address=127.0.0.1:56524
Begin MonoManager ReloadAssembly
Registering precompiled unity dll's ...
Register platform support module: C:/Program Files/Unity/Hub/Editor/2021.3.18f1/Editor/Data/PlaybackEngines/WebGLSupport/UnityEditor.WebGL.Extensions.dll
Register platform support module: C:/Program Files/Unity/Hub/Editor/2021.3.18f1/Editor/Data/PlaybackEngines/WindowsStandaloneSupport/UnityEditor.WindowsStandalone.Extensions.dll
Registered in 0.004901 seconds.
Native extension for WindowsStandalone target not found
Native extension for WebGL target not found
Refreshing native plugins compatible for Editor in 79.20 ms, found 3 plugins.
Preloading 0 native plugins for Editor in 0.00 ms.
Mono: successfully reloaded assembly
- Completed reload, in  0.498 seconds
Domain Reload Profiling:
	ReloadAssembly (499ms)
		BeginReloadAssembly (53ms)
			ExecutionOrderSort (0ms)
			DisableScriptedObjects (0ms)
			BackupInstance (0ms)
			ReleaseScriptingObjects (0ms)
			CreateAndSetChildDomain (1ms)
		EndReloadAssembly (361ms)
			LoadAssemblies (52ms)
			RebuildTransferFunctionScriptingTraits (0ms)
			SetupTypeCache (81ms)
			ReleaseScriptCaches (0ms)
			RebuildScriptCaches (18ms)
			SetupLoadedEditorAssemblies (221ms)
				LogAssemblyErrors (0ms)
				InitializePlatformSupportModulesInManaged (6ms)
				SetLoadedEditorAssemblies (0ms)
				RefreshPlugins (79ms)
				BeforeProcessingInitializeOnLoad (1ms)
				ProcessInitializeOnLoadAttributes (101ms)
				ProcessInitializeOnLoadMethodAttributes (34ms)
				AfterProcessingInitializeOnLoad (0ms)
				EditorAssembliesLoaded (0ms)
			ExecutionOrderSort2 (0ms)
			AwakeInstancesAfterBackupRestoration (0ms)
Platform modules already initialized, skipping
Registering precompiled user dll's ...
Registered in 0.003665 seconds.
Begin MonoManager ReloadAssembly
Symbol file LoadedFromMemory doesn't match image S:\3rd Year CW\Comp3000 - Final Year Project\COMP3000-Game\My project\Library\PackageCache\com.unity.visualscripting@1.8.0\Editor\VisualScripting.Core\Dependencies\YamlDotNet\Unity.VisualScripting.YamlDotNet.dll
Symbol file LoadedFromMemory doesn't match image S:\3rd Year CW\Comp3000 - Final Year Project\COMP3000-Game\My project\Library\PackageCache\com.unity.visualscripting@1.8.0\Editor\VisualScripting.Core\Dependencies\DotNetZip\Unity.VisualScripting.IonicZip.dll
Native extension for WindowsStandalone target not found
Native extension for WebGL target not found
Refreshing native plugins compatible for Editor in 0.66 ms, found 3 plugins.
Preloading 0 native plugins for Editor in 0.00 ms.
Mono: successfully reloaded assembly
- Completed reload, in  0.937 seconds
Domain Reload Profiling:
	ReloadAssembly (938ms)
		BeginReloadAssembly (81ms)
			ExecutionOrderSort (0ms)
			DisableScriptedObjects (4ms)
			BackupInstance (0ms)
			ReleaseScriptingObjects (0ms)
			CreateAndSetChildDomain (16ms)
		EndReloadAssembly (769ms)
			LoadAssemblies (63ms)
			RebuildTransferFunctionScriptingTraits (0ms)
			SetupTypeCache (240ms)
			ReleaseScriptCaches (1ms)
			RebuildScriptCaches (57ms)
			SetupLoadedEditorAssemblies (355ms)
				LogAssemblyErrors (0ms)
				InitializePlatformSupportModulesInManaged (7ms)
				SetLoadedEditorAssemblies (0ms)
				RefreshPlugins (1ms)
				BeforeProcessingInitializeOnLoad (83ms)
				ProcessInitializeOnLoadAttributes (239ms)
				ProcessInitializeOnLoadMethodAttributes (18ms)
				AfterProcessingInitializeOnLoad (7ms)
				EditorAssembliesLoaded (0ms)
			ExecutionOrderSort2 (0ms)
			AwakeInstancesAfterBackupRestoration (8ms)
Platform modules already initialized, skipping
========================================================================
Worker process is ready to serve import requests
Launched and connected shader compiler UnityShaderCompiler.exe after 0.08 seconds
Refreshing native plugins compatible for Editor in 1.80 ms, found 3 plugins.
Preloading 0 native plugins for Editor in 0.00 ms.
Unloading 3628 Unused Serialized files (Serialized files now loaded: 0)
Unloading 37 unused Assets / (1.4 MB). Loaded Objects now: 4087.
Memory consumption went from 142.2 MB to 140.8 MB.
Total: 5.186900 ms (FindLiveObjects: 0.526200 ms CreateObjectMapping: 0.252600 ms MarkObjects: 3.775900 ms  DeleteObjects: 0.630900 ms)

AssetImportParameters requested are different than current active one (requested -> active):
  custom:video-decoder-ogg-theora: a1e56fd34408186e4bbccfd4996cb3dc -> 
  custom:container-muxer-webm: aa71ff27fc2769a1b78a27578f13a17b -> 
  custom:container-demuxer-webm: 4f35f7cbe854078d1ac9338744f61a02 -> 
  custom:video-encoder-webm-vp8: eb34c28f22e8b96e1ab97ce403110664 -> 
  custom:audio-encoder-webm-vorbis: bf7c407c2cedff20999df2af8eb42d56 -> 
  custom:framework-win-MediaFoundation: 216162199b28c13a410421893ffa2e32 -> 
  custom:container-demuxer-ogg: 62fdf1f143b41e24485cea50d1cbac27 -> 
  custom:video-decoder-webm-vp8: 9c59270c3fd7afecdb556c50c9e8de78 -> 
  custom:audio-decoder-ogg-vorbis: bf7c407c2cedff20999df2af8eb42d56 -> 
========================================================================
Received Import Request.
  Time since last request: 281211.052999 seconds.
  path: Assets/Materials/YughuesFreeMetalMaterials/Materials/Textures/T_02_Normal.tga
  artifactKey: Guid(d4590337a78a04448a1e23b2d41cd1c4) Importer(815301076,1909f56bfc062723c751e8b465ee728b)
Start importing Assets/Materials/YughuesFreeMetalMaterials/Materials/Textures/T_02_Normal.tga using Guid(d4590337a78a04448a1e23b2d41cd1c4) Importer(815301076,1909f56bfc062723c751e8b465ee728b)  -> (artifact id: '44fba839d0a857e9822e79deccdb13db') in 0.090367 seconds 
========================================================================
Received Import Request.
  Time since last request: 0.000029 seconds.
  path: Assets/Materials/YughuesFreeMetalMaterials/Materials/Textures/T_05_Normal.tga
  artifactKey: Guid(f6e6e6daff08ce04f8e7af85582635bb) Importer(815301076,1909f56bfc062723c751e8b465ee728b)
Start importing Assets/Materials/YughuesFreeMetalMaterials/Materials/Textures/T_05_Normal.tga using Guid(f6e6e6daff08ce04f8e7af85582635bb) Importer(815301076,1909f56bfc062723c751e8b465ee728b)  -> (artifact id: 'f27aeb7e35d2f6ea73a986b59222777d') in 0.013687 seconds 
========================================================================
Received Import Request.
  Time since last request: 0.000029 seconds.
  path: Assets/Materials/YughuesFreeMetalMaterials/Materials/Textures/T_19_Specular.tga
  artifactKey: Guid(edad444768045b242afcceaa7d352ffb) Importer(815301076,1909f56bfc062723c751e8b465ee728b)
Start importing Assets/Materials/YughuesFreeMetalMaterials/Materials/Textures/T_19_Specular.tga using Guid(edad444768045b242afcceaa7d352ffb) Importer(815301076,1909f56bfc062723c751e8b465ee728b)  -> (artifact id: '506affcdb76cb55022b7334fe9107a62') in 0.013396 seconds 
========================================================================
Received Import Request.
  Time since last request: 0.000019 seconds.
  path: Assets/Materials/YughuesFreeMetalMaterials/Materials/Textures/T_17_Diffuse.tga
  artifactKey: Guid(f6061b0c042df0b40978226fa22c5697) Importer(815301076,1909f56bfc062723c751e8b465ee728b)
Start importing Assets/Materials/YughuesFreeMetalMaterials/Materials/Textures/T_17_Diffuse.tga using Guid(f6061b0c042df0b40978226fa22c5697) Importer(815301076,1909f56bfc062723c751e8b465ee728b)  -> (artifact id: '48e28a3b51ebb3b084b5f232bf5526a1') in 0.012000 seconds 
========================================================================
Received Import Request.
  Time since last request: 0.000018 seconds.
  path: Assets/Materials/YughuesFreeMetalMaterials/Materials/Textures/T_03_Diffuse.tga
  artifactKey: Guid(3f7bdb1db46318a488851d1a48046566) Importer(815301076,1909f56bfc062723c751e8b465ee728b)
Start importing Assets/Materials/YughuesFreeMetalMaterials/Materials/Textures/T_03_Diffuse.tga using Guid(3f7bdb1db46318a488851d1a48046566) Importer(815301076,1909f56bfc062723c751e8b465ee728b)  -> (artifact id: 'c3374a5f745f801312d1fa08eadb0a17') in 0.010629 seconds 
========================================================================
Received Import Request.
  Time since last request: 0.000020 seconds.
  path: Assets/Materials/YughuesFreeMetalMaterials/Materials/Textures/T_16_Diffuse.tga
  artifactKey: Guid(1730b9de01b2d4542b503f797a18edc1) Importer(815301076,1909f56bfc062723c751e8b465ee728b)
Start importing Assets/Materials/YughuesFreeMetalMaterials/Materials/Textures/T_16_Diffuse.tga using Guid(1730b9de01b2d4542b503f797a18edc1) Importer(815301076,1909f56bfc062723c751e8b465ee728b)  -> (artifact id: '1929be205b6d0e136c67627e24ed634b') in 0.015558 seconds 
========================================================================
Received Import Request.
  Time since last request: 0.000014 seconds.
  path: Assets/Materials/YughuesFreeMetalMaterials/Materials/Textures/T_02_Specular.tga
  artifactKey: Guid(d8b7271fec101a84abbc668382536813) Importer(815301076,1909f56bfc062723c751e8b465ee728b)
Start importing Assets/Materials/YughuesFreeMetalMaterials/Materials/Textures/T_02_Specular.tga using Guid(d8b7271fec101a84abbc668382536813) Importer(815301076,1909f56bfc062723c751e8b465ee728b)  -> (artifact id: '17424479092d8183cbdb825ae9eedb14') in 0.013055 seconds 
========================================================================
Received Import Request.
  Time since last request: 0.000018 seconds.
  path: Assets/Materials/YughuesFreeMetalMaterials/Materials/Textures/T_13_Diffuse.tga
  artifactKey: Guid(33dc51d475a7a4146b3b5d4c45273177) Importer(815301076,1909f56bfc062723c751e8b465ee728b)
Start importing Assets/Materials/YughuesFreeMetalMaterials/Materials/Textures/T_13_Diffuse.tga using Guid(33dc51d475a7a4146b3b5d4c45273177) Importer(815301076,1909f56bfc062723c751e8b465ee728b)  -> (artifact id: '1299babfc658659a31331bccbcbe2eeb') in 0.012762 seconds 
========================================================================
Received Import Request.
  Time since last request: 0.000022 seconds.
  path: Assets/Materials/YughuesFreeMetalMaterials/Materials/Textures/T_10_Diffuse.tga
  artifactKey: Guid(9235f02dfc48e41448cbd353c0a00a8d) Importer(815301076,1909f56bfc062723c751e8b465ee728b)
Start importing Assets/Materials/YughuesFreeMetalMaterials/Materials/Textures/T_10_Diffuse.tga using Guid(9235f02dfc48e41448cbd353c0a00a8d) Importer(815301076,1909f56bfc062723c751e8b465ee728b)  -> (artifact id: 'f1bc50fd407ebd9794f3b311eb58c9e1') in 0.013743 seconds 
========================================================================
Received Import Request.
  Time since last request: 0.000019 seconds.
  path: Assets/Materials/YughuesFreeMetalMaterials/Materials/Textures/T_05_Diffuse.tga
  artifactKey: Guid(51b05ea1455c0f64dbd5387d62de22e1) Importer(815301076,1909f56bfc062723c751e8b465ee728b)
Start importing Assets/Materials/YughuesFreeMetalMaterials/Materials/Textures/T_05_Diffuse.tga using Guid(51b05ea1455c0f64dbd5387d62de22e1) Importer(815301076,1909f56bfc062723c751e8b465ee728b)  -> (artifact id: 'af87560d40e74d7593f75cafae81871d') in 0.016440 seconds 
========================================================================
Received Import Request.
  Time since last request: 0.000017 seconds.
  path: Assets/Materials/YughuesFreeMetalMaterials/Materials/Textures/T_12_Normal.tga
  artifactKey: Guid(12dee78e6b4fc644fb75f9d19b8b9ba8) Importer(815301076,1909f56bfc062723c751e8b465ee728b)
Start importing Assets/Materials/YughuesFreeMetalMaterials/Materials/Textures/T_12_Normal.tga using Guid(12dee78e6b4fc644fb75f9d19b8b9ba8) Importer(815301076,1909f56bfc062723c751e8b465ee728b)  -> (artifact id: 'c397bd57106dfc8eb167ff27a84d77a5') in 0.012875 seconds 
========================================================================
Received Import Request.
  Time since last request: 1.218866 seconds.
  path: Assets/Materials/YughuesFreeMetalMaterials/Materials/Textures/T_23_Diffuse.tga
  artifactKey: Guid(8413ed1331ead2d45ade40523232bc0f) Importer(815301076,1909f56bfc062723c751e8b465ee728b)
Start importing Assets/Materials/YughuesFreeMetalMaterials/Materials/Textures/T_23_Diffuse.tga using Guid(8413ed1331ead2d45ade40523232bc0f) Importer(815301076,1909f56bfc062723c751e8b465ee728b)  -> (artifact id: '905eb21283ddad5235612ef2c6d85ad3') in 0.014343 seconds 
========================================================================
Received Import Request.
  Time since last request: 0.000015 seconds.
  path: Assets/Materials/YughuesFreeMetalMaterials/Materials/Textures/T_23_Specular.tga
  artifactKey: Guid(ca94c84d71c5f1444a24b94522d26e9e) Importer(815301076,1909f56bfc062723c751e8b465ee728b)
Start importing Assets/Materials/YughuesFreeMetalMaterials/Materials/Textures/T_23_Specular.tga using Guid(ca94c84d71c5f1444a24b94522d26e9e) Importer(815301076,1909f56bfc062723c751e8b465ee728b)  -> (artifact id: '3c83db5349d35c65a116857f69cbc159') in 0.013144 seconds 
========================================================================
Received Import Request.
  Time since last request: 0.000018 seconds.
  path: Assets/Materials/YughuesFreeMetalMaterials/Materials/Textures/T_23_Normal.tga
  artifactKey: Guid(1fb10c5603038a24abb2ccad745574c6) Importer(815301076,1909f56bfc062723c751e8b465ee728b)
Start importing Assets/Materials/YughuesFreeMetalMaterials/Materials/Textures/T_23_Normal.tga using Guid(1fb10c5603038a24abb2ccad745574c6) Importer(815301076,1909f56bfc062723c751e8b465ee728b)  -> (artifact id: '4af14b40194743298a7eaaaee857507d') in 0.013520 seconds 
========================================================================
Received Import Request.
  Time since last request: 0.000015 seconds.
  path: Assets/Materials/YughuesFreeMetalMaterials/Materials/Textures/T_28_Diffuse.tga
  artifactKey: Guid(9b6cbf8847f1b8643a4e8b05122ce9aa) Importer(815301076,1909f56bfc062723c751e8b465ee728b)
Start importing Assets/Materials/YughuesFreeMetalMaterials/Materials/Textures/T_28_Diffuse.tga using Guid(9b6cbf8847f1b8643a4e8b05122ce9aa) Importer(815301076,1909f56bfc062723c751e8b465ee728b)  -> (artifact id: 'fce9e3cc2bd691882f3a6c0d5beb327b') in 0.013923 seconds 
========================================================================
Received Import Request.
  Time since last request: 0.000015 seconds.
  path: Assets/Materials/YughuesFreeMetalMaterials/Materials/Textures/T_27_Specular.tga
  artifactKey: Guid(a9003f14ef2a8bd47abbe5c8d364d562) Importer(815301076,1909f56bfc062723c751e8b465ee728b)
Start importing Assets/Materials/YughuesFreeMetalMaterials/Materials/Textures/T_27_Specular.tga using Guid(a9003f14ef2a8bd47abbe5c8d364d562) Importer(815301076,1909f56bfc062723c751e8b465ee728b)  -> (artifact id: 'b850735db9a7be6bfe685051b08ea104') in 0.012777 seconds 
========================================================================
Received Import Request.
  Time since last request: 0.000016 seconds.
  path: Assets/Materials/YughuesFreeMetalMaterials/Materials/Textures/T_29_Normal.tga
  artifactKey: Guid(b0a7501717f3514478fad8bb7bae311c) Importer(815301076,1909f56bfc062723c751e8b465ee728b)
Start importing Assets/Materials/YughuesFreeMetalMaterials/Materials/Textures/T_29_Normal.tga using Guid(b0a7501717f3514478fad8bb7bae311c) Importer(815301076,1909f56bfc062723c751e8b465ee728b)  -> (artifact id: 'db6ebb59cc00e394671f18002784606b') in 0.013665 seconds 
========================================================================
Received Import Request.
  Time since last request: 0.009844 seconds.
  path: Assets/Materials/YughuesFreeMetalMaterials/Materials/Textures/T_33_Diffuse.tga
  artifactKey: Guid(3616af53dd0659648b71cb468bf03d44) Importer(815301076,1909f56bfc062723c751e8b465ee728b)
Start importing Assets/Materials/YughuesFreeMetalMaterials/Materials/Textures/T_33_Diffuse.tga using Guid(3616af53dd0659648b71cb468bf03d44) Importer(815301076,1909f56bfc062723c751e8b465ee728b)  -> (artifact id: '83a6160123ddeee8824a88a53d52e6a7') in 0.013708 seconds 
========================================================================
Received Import Request.
  Time since last request: 0.000025 seconds.
  path: Assets/Materials/YughuesFreeMetalMaterials/Materials/Textures/T_35_Specular.tga
  artifactKey: Guid(d5f16c147d28ac84ea736b0c41958bfb) Importer(815301076,1909f56bfc062723c751e8b465ee728b)
Start importing Assets/Materials/YughuesFreeMetalMaterials/Materials/Textures/T_35_Specular.tga using Guid(d5f16c147d28ac84ea736b0c41958bfb) Importer(815301076,1909f56bfc062723c751e8b465ee728b)  -> (artifact id: '95948d6f76f5867df18238c1220c0100') in 0.012296 seconds 
========================================================================
Received Import Request.
  Time since last request: 0.000024 seconds.
  path: Assets/Materials/YughuesFreeMetalMaterials/Materials/Textures/T_35_Normal.tga
  artifactKey: Guid(47559ced24a29b9428ba59951a3b02bc) Importer(815301076,1909f56bfc062723c751e8b465ee728b)
Start importing Assets/Materials/YughuesFreeMetalMaterials/Materials/Textures/T_35_Normal.tga using Guid(47559ced24a29b9428ba59951a3b02bc) Importer(815301076,1909f56bfc062723c751e8b465ee728b)  -> (artifact id: 'b90508ada143332f078c603854883941') in 0.014033 seconds 
========================================================================
Received Import Request.
  Time since last request: 0.317634 seconds.
  path: Assets/Materials/YughuesFreeMetalMaterials/Materials/Textures/T_39_Diffuse.tga
  artifactKey: Guid(858edb10117ddc24a805151cb8bb53ff) Importer(815301076,1909f56bfc062723c751e8b465ee728b)
Start importing Assets/Materials/YughuesFreeMetalMaterials/Materials/Textures/T_39_Diffuse.tga using Guid(858edb10117ddc24a805151cb8bb53ff) Importer(815301076,1909f56bfc062723c751e8b465ee728b)  -> (artifact id: 'fde98cfecd9b77b2bdf55cfaec551fc8') in 0.012909 seconds 
========================================================================
Received Import Request.
  Time since last request: 0.000015 seconds.
  path: Assets/Materials/YughuesFreeMetalMaterials/Materials/Textures/T_44_Specular.tga
  artifactKey: Guid(54fc8c0a3aa3da9479ee01e94328e9c7) Importer(815301076,1909f56bfc062723c751e8b465ee728b)
Start importing Assets/Materials/YughuesFreeMetalMaterials/Materials/Textures/T_44_Specular.tga using Guid(54fc8c0a3aa3da9479ee01e94328e9c7) Importer(815301076,1909f56bfc062723c751e8b465ee728b)  -> (artifact id: '57ea7ce61cf9852fef22034f3fdb0ed9') in 0.012906 seconds 
========================================================================
Received Import Request.
  Time since last request: 0.000013 seconds.
  path: Assets/Materials/YughuesFreeMetalMaterials/Materials/Textures/T_46_Diffuse.tga
  artifactKey: Guid(04b2bfb7759f4854fb05998f97653d99) Importer(815301076,1909f56bfc062723c751e8b465ee728b)
Start importing Assets/Materials/YughuesFreeMetalMaterials/Materials/Textures/T_46_Diffuse.tga using Guid(04b2bfb7759f4854fb05998f97653d99) Importer(815301076,1909f56bfc062723c751e8b465ee728b)  -> (artifact id: 'f9c7cc8e6e435d9a31c10c4b47e0dc1c') in 0.012447 seconds 
========================================================================
Received Import Request.
  Time since last request: 0.000015 seconds.
  path: Assets/Materials/YughuesFreeMetalMaterials/Materials/Textures/T_42_Diffuse.tga
  artifactKey: Guid(0649bd1fe217dd24cb6ebbb0b5cb2d6d) Importer(815301076,1909f56bfc062723c751e8b465ee728b)
Start importing Assets/Materials/YughuesFreeMetalMaterials/Materials/Textures/T_42_Diffuse.tga using Guid(0649bd1fe217dd24cb6ebbb0b5cb2d6d) Importer(815301076,1909f56bfc062723c751e8b465ee728b)  -> (artifact id: '29e2f5ead5148a75e48f2d060be73be8') in 0.011961 seconds 
========================================================================
Received Import Request.
  Time since last request: 0.000017 seconds.
  path: Assets/Materials/YughuesFreeMetalMaterials/Materials/Textures/T_39_Specular.tga
  artifactKey: Guid(f2a8ab14dca00204884e746b5744858a) Importer(815301076,1909f56bfc062723c751e8b465ee728b)
Start importing Assets/Materials/YughuesFreeMetalMaterials/Materials/Textures/T_39_Specular.tga using Guid(f2a8ab14dca00204884e746b5744858a) Importer(815301076,1909f56bfc062723c751e8b465ee728b)  -> (artifact id: '294fc4c317ff6794d4cdb44e733603e8') in 0.010810 seconds 
========================================================================
Received Import Request.
  Time since last request: 0.000020 seconds.
  path: Assets/Materials/YughuesFreeMetalMaterials/Materials/Textures/T_41_Normal.tga
  artifactKey: Guid(d9dbacc028e656049949af84c56a4e64) Importer(815301076,1909f56bfc062723c751e8b465ee728b)
Start importing Assets/Materials/YughuesFreeMetalMaterials/Materials/Textures/T_41_Normal.tga using Guid(d9dbacc028e656049949af84c56a4e64) Importer(815301076,1909f56bfc062723c751e8b465ee728b)  -> (artifact id: '9e6f09beece9bd1834a9419e363407ae') in 0.012516 seconds 
========================================================================
Received Import Request.
  Time since last request: 0.000019 seconds.
  path: Assets/Materials/YughuesFreeMetalMaterials/Materials/Textures/T_49_Normal.tga
  artifactKey: Guid(886470e3c92595d489978d2be0311d41) Importer(815301076,1909f56bfc062723c751e8b465ee728b)
Start importing Assets/Materials/YughuesFreeMetalMaterials/Materials/Textures/T_49_Normal.tga using Guid(886470e3c92595d489978d2be0311d41) Importer(815301076,1909f56bfc062723c751e8b465ee728b)  -> (artifact id: 'af596839e98ae8b138fc9cd787008ddd') in 0.013921 seconds 
========================================================================
Received Import Request.
  Time since last request: 0.000024 seconds.
  path: Assets/Materials/YughuesFreeMetalMaterials/Materials/Textures/T_41_Specular.tga
  artifactKey: Guid(05f26edba3a3bc34d938d1de68119378) Importer(815301076,1909f56bfc062723c751e8b465ee728b)
Start importing Assets/Materials/YughuesFreeMetalMaterials/Materials/Textures/T_41_Specular.tga using Guid(05f26edba3a3bc34d938d1de68119378) Importer(815301076,1909f56bfc062723c751e8b465ee728b)  -> (artifact id: 'aedbea7c15da45f8eedb4d60a98bfbf3') in 0.011342 seconds 
Editor requested this worker to shutdown with reason: Scaling down because of idle timeout
AssetImportWorker is now disconnected from the server
Process exiting
Exiting without the bug reporter. Application will terminate with return code 0